<?xml version="1.0" encoding="UTF-8"?><testrun name="MyBatisTest" project="mybatis3-demo" tests="2" started="2" failures="0" errors="1" ignored="0">
  <testsuite name="com.xhjc.demo01.MyBatisTest" time="2.665">
    <testcase name="testGetEmpbyId" classname="com.xhjc.demo01.MyBatisTest" time="0.636">
      <error>org.apache.ibatis.exceptions.PersistenceException: &#13;
### Error querying database.  Cause: java.lang.IllegalArgumentException: Mapped Statements collection does not contain value for com.xhjc.demo01.dao.EmployeeMapper.selectEmp&#13;
### Cause: java.lang.IllegalArgumentException: Mapped Statements collection does not contain value for com.xhjc.demo01.dao.EmployeeMapper.selectEmp&#13;
	at org.apache.ibatis.exceptions.ExceptionFactory.wrapException(ExceptionFactory.java:30)&#13;
	at org.apache.ibatis.session.defaults.DefaultSqlSession.selectList(DefaultSqlSession.java:150)&#13;
	at org.apache.ibatis.session.defaults.DefaultSqlSession.selectList(DefaultSqlSession.java:141)&#13;
	at org.apache.ibatis.session.defaults.DefaultSqlSession.selectOne(DefaultSqlSession.java:77)&#13;
	at com.xhjc.demo01.MyBatisTest.testGetEmpbyId(MyBatisTest.java:32)&#13;
	at sun.reflect.NativeMethodAccessorImpl.invoke0(Native Method)&#13;
	at sun.reflect.NativeMethodAccessorImpl.invoke(NativeMethodAccessorImpl.java:62)&#13;
	at sun.reflect.DelegatingMethodAccessorImpl.invoke(DelegatingMethodAccessorImpl.java:43)&#13;
	at java.lang.reflect.Method.invoke(Method.java:498)&#13;
	at org.junit.runners.model.FrameworkMethod$1.runReflectiveCall(FrameworkMethod.java:50)&#13;
	at org.junit.internal.runners.model.ReflectiveCallable.run(ReflectiveCallable.java:12)&#13;
	at org.junit.runners.model.FrameworkMethod.invokeExplosively(FrameworkMethod.java:47)&#13;
	at org.junit.internal.runners.statements.InvokeMethod.evaluate(InvokeMethod.java:17)&#13;
	at org.junit.runners.ParentRunner.runLeaf(ParentRunner.java:325)&#13;
	at org.junit.runners.BlockJUnit4ClassRunner.runChild(BlockJUnit4ClassRunner.java:78)&#13;
	at org.junit.runners.BlockJUnit4ClassRunner.runChild(BlockJUnit4ClassRunner.java:57)&#13;
	at org.junit.runners.ParentRunner$3.run(ParentRunner.java:290)&#13;
	at org.junit.runners.ParentRunner$1.schedule(ParentRunner.java:71)&#13;
	at org.junit.runners.ParentRunner.runChildren(ParentRunner.java:288)&#13;
	at org.junit.runners.ParentRunner.access$000(ParentRunner.java:58)&#13;
	at org.junit.runners.ParentRunner$2.evaluate(ParentRunner.java:268)&#13;
	at org.junit.runners.ParentRunner.run(ParentRunner.java:363)&#13;
	at org.eclipse.jdt.internal.junit4.runner.JUnit4TestReference.run(JUnit4TestReference.java:86)&#13;
	at org.eclipse.jdt.internal.junit.runner.TestExecution.run(TestExecution.java:38)&#13;
	at org.eclipse.jdt.internal.junit.runner.RemoteTestRunner.runTests(RemoteTestRunner.java:538)&#13;
	at org.eclipse.jdt.internal.junit.runner.RemoteTestRunner.runTests(RemoteTestRunner.java:760)&#13;
	at org.eclipse.jdt.internal.junit.runner.RemoteTestRunner.run(RemoteTestRunner.java:460)&#13;
	at org.eclipse.jdt.internal.junit.runner.RemoteTestRunner.main(RemoteTestRunner.java:206)&#13;
Caused by: java.lang.IllegalArgumentException: Mapped Statements collection does not contain value for com.xhjc.demo01.dao.EmployeeMapper.selectEmp&#13;
	at org.apache.ibatis.session.Configuration$StrictMap.get(Configuration.java:860)&#13;
	at org.apache.ibatis.session.Configuration.getMappedStatement(Configuration.java:693)&#13;
	at org.apache.ibatis.session.Configuration.getMappedStatement(Configuration.java:686)&#13;
	at org.apache.ibatis.session.defaults.DefaultSqlSession.selectList(DefaultSqlSession.java:147)&#13;
	... 26 more&#13;
&#13;
</error>
    </testcase>
    <testcase name="test" classname="com.xhjc.demo01.MyBatisTest" time="2.028"/>
  </testsuite>
</testrun>
