<?xml version="1.0" encoding="UTF-8"?>
<testsuite xmlns:xsi="http://www.w3.org/2001/XMLSchema-instance" xsi:noNamespaceSchemaLocation="https://maven.apache.org/surefire/maven-surefire-plugin/xsd/surefire-test-report.xsd" name="com.xhjc.spingbootdemo.SpingbootDemoApplicationTests" time="5.964" tests="3" errors="0" skipped="0" failures="0">
  <properties>
[...]
</properties>
  <testcase name="testHelloService" classname="com.xhjc.spingbootdemo.SpingbootDemoApplicationTests" time="0.444"/>
  <testcase name="loggerTest" classname="com.xhjc.spingbootdemo.SpingbootDemoApplicationTests" time="0.002"/>
  <testcase name="contextLoads" classname="com.xhjc.spingbootdemo.SpingbootDemoApplicationTests" time="0.002"/>
</testsuite>